[0.194566]: Submitting tensor network <empty> (_z0C8F87) for execution by 1 processes with memory limit 2147483648 bytes
TensorNetwork(empty)[rank = 0, size = 496]{
 474: QB27{0:0}{2}+: { {425:3} }
 473: QB26{0:0}{2}+: { {424:3} }
 472: QB25{0:0}{2}+: { {423:3} }
 471: QB24{0:0}{2}+: { {422:3} }
 470: QB23{0:0}{2}+: { {421:3} }
 469: QB22{0:0}{2}+: { {420:3} }
 468: QB21{0:0}{2}+: { {419:3} }
 467: QB20{0:0}{2}+: { {418:3} }
 466: QB19{0:0}{2}+: { {417:3} }
 465: QB18{0:0}{2}+: { {416:3} }
 464: QB17{0:0}{2}+: { {415:3} }
 463: QB16{0:0}{2}+: { {414:3} }
 462: QB15{0:0}{2}+: { {413:3} }
 461: QB14{0:0}{2}+: { {412:3} }
 460: QB13{0:0}{2}+: { {411:3} }
 459: QB12{0:0}{2}+: { {410:3} }
 447: QB0{0:0}{2}+: { {398:3} }
 448: QB1{0:0}{2}+: { {399:3} }
 449: QB2{0:0}{2}+: { {400:3} }
 450: QB3{0:0}{2}+: { {401:3} }
 451: QB4{0:0}{2}+: { {402:3} }
 452: QB5{0:0}{2}+: { {403:3} }
 453: QB6{0:0}{2}+: { {404:3} }
 454: QB7{0:0}{2}+: { {405:3} }
 455: QB8{0:0}{2}+: { {406:3} }
 456: QB9{0:0}{2}+: { {407:3} }
 457: QB10{0:0}{2}+: { {408:3} }
 458: QB11{0:0}{2}+: { {409:3} }
 475: QB28{0:0}{2}+: { {426:3} }
 476: QB29{0:0}{2}+: { {427:3} }
 477: QB30{0:0}{2}+: { {428:3} }
 478: QB31{0:0}{2}+: { {429:3} }
 479: QB32{0:0}{2}+: { {430:3} }
 480: QB33{0:0}{2}+: { {431:3} }
 481: QB34{0:0}{2}+: { {432:3} }
 482: QB35{0:0}{2}+: { {433:3} }
 483: QB36{0:0}{2}+: { {434:3} }
 484: QB37{0:0}{2}+: { {435:3} }
 485: QB38{0:0}{2}+: { {436:3} }
 486: QB39{0:0}{2}+: { {437:3} }
 487: QB40{0:0}{2}+: { {438:3} }
 488: QB41{0:0}{2}+: { {439:3} }
 489: QB42{0:0}{2}+: { {440:3} }
 490: QB43{0:0}{2}+: { {441:3} }
 491: QB44{0:0}{2}+: { {442:3} }
 492: QB45{0:0}{2}+: { {443:3} }
 493: QB46{0:0}{2}+: { {444:3} }
 494: QB47{0:0}{2}+: { {445:3} }
 495: QB48{0:0}{2}+: { {446:3} }
 496: QB49{0:0}{2}+: { {446:2} }
 446: CNOT{0:0,0:0,0:0,0:0}{2,2,2,2}: { {397:1}{445:2}{496:0}{495:0} }
 445: CNOT{0:0,0:0,0:0,0:0}{2,2,2,2}: { {396:1}{444:2}{446:1}{494:0} }
 444: CNOT{0:0,0:0,0:0,0:0}{2,2,2,2}: { {395:1}{443:2}{445:1}{493:0} }
 443: CNOT{0:0,0:0,0:0,0:0}{2,2,2,2}: { {394:1}{442:2}{444:1}{492:0} }
 442: CNOT{0:0,0:0,0:0,0:0}{2,2,2,2}: { {393:1}{441:2}{443:1}{491:0} }
 441: CNOT{0:0,0:0,0:0,0:0}{2,2,2,2}: { {392:1}{440:2}{442:1}{490:0} }
 440: CNOT{0:0,0:0,0:0,0:0}{2,2,2,2}: { {391:1}{439:2}{441:1}{489:0} }
 439: CNOT{0:0,0:0,0:0,0:0}{2,2,2,2}: { {390:1}{438:2}{440:1}{488:0} }
 438: CNOT{0:0,0:0,0:0,0:0}{2,2,2,2}: { {389:1}{437:2}{439:1}{487:0} }
 437: CNOT{0:0,0:0,0:0,0:0}{2,2,2,2}: { {388:1}{436:2}{438:1}{486:0} }
 436: CNOT{0:0,0:0,0:0,0:0}{2,2,2,2}: { {387:1}{435:2}{437:1}{485:0} }
 435: CNOT{0:0,0:0,0:0,0:0}{2,2,2,2}: { {386:1}{434:2}{436:1}{484:0} }
 434: CNOT{0:0,0:0,0:0,0:0}{2,2,2,2}: { {385:1}{433:2}{435:1}{483:0} }
 433: CNOT{0:0,0:0,0:0,0:0}{2,2,2,2}: { {384:1}{432:2}{434:1}{482:0} }
 432: CNOT{0:0,0:0,0:0,0:0}{2,2,2,2}: { {383:1}{431:2}{433:1}{481:0} }
 431: CNOT{0:0,0:0,0:0,0:0}{2,2,2,2}: { {382:1}{430:2}{432:1}{480:0} }
 430: CNOT{0:0,0:0,0:0,0:0}{2,2,2,2}: { {381:1}{429:2}{431:1}{479:0} }
 429: CNOT{0:0,0:0,0:0,0:0}{2,2,2,2}: { {380:1}{428:2}{430:1}{478:0} }
 428: CNOT{0:0,0:0,0:0,0:0}{2,2,2,2}: { {379:1}{427:2}{429:1}{477:0} }
 427: CNOT{0:0,0:0,0:0,0:0}{2,2,2,2}: { {378:1}{426:2}{428:1}{476:0} }
 426: CNOT{0:0,0:0,0:0,0:0}{2,2,2,2}: { {377:1}{425:2}{427:1}{475:0} }
 425: CNOT{0:0,0:0,0:0,0:0}{2,2,2,2}: { {376:1}{424:2}{426:1}{474:0} }
 424: CNOT{0:0,0:0,0:0,0:0}{2,2,2,2}: { {375:1}{423:2}{425:1}{473:0} }
 423: CNOT{0:0,0:0,0:0,0:0}{2,2,2,2}: { {374:1}{422:2}{424:1}{472:0} }
 422: CNOT{0:0,0:0,0:0,0:0}{2,2,2,2}: { {373:1}{421:2}{423:1}{471:0} }
 421: CNOT{0:0,0:0,0:0,0:0}{2,2,2,2}: { {372:1}{420:2}{422:1}{470:0} }
 420: CNOT{0:0,0:0,0:0,0:0}{2,2,2,2}: { {371:1}{419:2}{421:1}{469:0} }
 419: CNOT{0:0,0:0,0:0,0:0}{2,2,2,2}: { {370:1}{418:2}{420:1}{468:0} }
 418: CNOT{0:0,0:0,0:0,0:0}{2,2,2,2}: { {369:1}{417:2}{419:1}{467:0} }
 417: CNOT{0:0,0:0,0:0,0:0}{2,2,2,2}: { {368:1}{416:2}{418:1}{466:0} }
 416: CNOT{0:0,0:0,0:0,0:0}{2,2,2,2}: { {367:1}{415:2}{417:1}{465:0} }
 415: CNOT{0:0,0:0,0:0,0:0}{2,2,2,2}: { {366:1}{414:2}{416:1}{464:0} }
 414: CNOT{0:0,0:0,0:0,0:0}{2,2,2,2}: { {365:1}{413:2}{415:1}{463:0} }
 413: CNOT{0:0,0:0,0:0,0:0}{2,2,2,2}: { {364:1}{412:2}{414:1}{462:0} }
 412: CNOT{0:0,0:0,0:0,0:0}{2,2,2,2}: { {363:1}{411:2}{413:1}{461:0} }
 411: CNOT{0:0,0:0,0:0,0:0}{2,2,2,2}: { {362:1}{410:2}{412:1}{460:0} }
 410: CNOT{0:0,0:0,0:0,0:0}{2,2,2,2}: { {361:1}{409:2}{411:1}{459:0} }
 409: CNOT{0:0,0:0,0:0,0:0}{2,2,2,2}: { {360:1}{408:2}{410:1}{458:0} }
 408: CNOT{0:0,0:0,0:0,0:0}{2,2,2,2}: { {359:1}{407:2}{409:1}{457:0} }
 407: CNOT{0:0,0:0,0:0,0:0}{2,2,2,2}: { {358:1}{406:2}{408:1}{456:0} }
 406: CNOT{0:0,0:0,0:0,0:0}{2,2,2,2}: { {357:1}{405:2}{407:1}{455:0} }
 405: CNOT{0:0,0:0,0:0,0:0}{2,2,2,2}: { {356:1}{404:2}{406:1}{454:0} }
 404: CNOT{0:0,0:0,0:0,0:0}{2,2,2,2}: { {355:1}{403:2}{405:1}{453:0} }
 403: CNOT{0:0,0:0,0:0,0:0}{2,2,2,2}: { {354:1}{402:2}{404:1}{452:0} }
 402: CNOT{0:0,0:0,0:0,0:0}{2,2,2,2}: { {353:1}{401:2}{403:1}{451:0} }
 401: CNOT{0:0,0:0,0:0,0:0}{2,2,2,2}: { {352:1}{400:2}{402:1}{450:0} }
 400: CNOT{0:0,0:0,0:0,0:0}{2,2,2,2}: { {351:1}{399:2}{401:1}{449:0} }
 399: CNOT{0:0,0:0,0:0,0:0}{2,2,2,2}: { {350:1}{398:2}{400:1}{448:0} }
 398: CNOT{0:0,0:0,0:0,0:0}{2,2,2,2}: { {349:1}{348:1}{399:1}{447:0} }
 397: Rx__4_234000__{0:0,0:0}{2,2}: { {347:2}{446:0} }
 396: Rx__4_234000__{0:0,0:0}{2,2}: { {347:3}{445:0} }
 395: Rx__4_234000__{0:0,0:0}{2,2}: { {346:3}{444:0} }
 394: Rx__4_234000__{0:0,0:0}{2,2}: { {345:3}{443:0} }
 393: Rx__4_234000__{0:0,0:0}{2,2}: { {344:3}{442:0} }
 392: Rx__4_234000__{0:0,0:0}{2,2}: { {343:3}{441:0} }
 391: Rx__4_234000__{0:0,0:0}{2,2}: { {342:3}{440:0} }
 390: Rx__4_234000__{0:0,0:0}{2,2}: { {341:3}{439:0} }
 389: Rx__4_234000__{0:0,0:0}{2,2}: { {340:3}{438:0} }
 388: Rx__4_234000__{0:0,0:0}{2,2}: { {339:3}{437:0} }
 387: Rx__4_234000__{0:0,0:0}{2,2}: { {338:3}{436:0} }
 386: Rx__4_234000__{0:0,0:0}{2,2}: { {337:3}{435:0} }
 385: Rx__4_234000__{0:0,0:0}{2,2}: { {336:3}{434:0} }
 384: Rx__4_234000__{0:0,0:0}{2,2}: { {335:3}{433:0} }
 383: Rx__4_234000__{0:0,0:0}{2,2}: { {334:3}{432:0} }
 382: Rx__4_234000__{0:0,0:0}{2,2}: { {333:3}{431:0} }
 381: Rx__4_234000__{0:0,0:0}{2,2}: { {332:3}{430:0} }
 380: Rx__4_234000__{0:0,0:0}{2,2}: { {331:3}{429:0} }
 379: Rx__4_234000__{0:0,0:0}{2,2}: { {330:3}{428:0} }
 378: Rx__4_234000__{0:0,0:0}{2,2}: { {329:3}{427:0} }
 377: Rx__4_234000__{0:0,0:0}{2,2}: { {328:3}{426:0} }
 376: Rx__4_234000__{0:0,0:0}{2,2}: { {327:3}{425:0} }
 375: Rx__4_234000__{0:0,0:0}{2,2}: { {326:3}{424:0} }
 374: Rx__4_234000__{0:0,0:0}{2,2}: { {325:3}{423:0} }
 373: Rx__4_234000__{0:0,0:0}{2,2}: { {324:3}{422:0} }
 372: Rx__4_234000__{0:0,0:0}{2,2}: { {323:3}{421:0} }
 371: Rx__4_234000__{0:0,0:0}{2,2}: { {322:3}{420:0} }
 370: Rx__4_234000__{0:0,0:0}{2,2}: { {321:3}{419:0} }
 369: Rx__4_234000__{0:0,0:0}{2,2}: { {320:3}{418:0} }
 368: Rx__4_234000__{0:0,0:0}{2,2}: { {319:3}{417:0} }
 367: Rx__4_234000__{0:0,0:0}{2,2}: { {318:3}{416:0} }
 366: Rx__4_234000__{0:0,0:0}{2,2}: { {317:3}{415:0} }
 365: Rx__4_234000__{0:0,0:0}{2,2}: { {316:3}{414:0} }
 364: Rx__4_234000__{0:0,0:0}{2,2}: { {315:3}{413:0} }
 363: Rx__4_234000__{0:0,0:0}{2,2}: { {314:3}{412:0} }
 362: Rx__4_234000__{0:0,0:0}{2,2}: { {313:3}{411:0} }
 361: Rx__4_234000__{0:0,0:0}{2,2}: { {312:3}{410:0} }
 360: Rx__4_234000__{0:0,0:0}{2,2}: { {311:3}{409:0} }
 359: Rx__4_234000__{0:0,0:0}{2,2}: { {310:3}{408:0} }
 358: Rx__4_234000__{0:0,0:0}{2,2}: { {309:3}{407:0} }
 357: Rx__4_234000__{0:0,0:0}{2,2}: { {308:3}{406:0} }
 356: Rx__4_234000__{0:0,0:0}{2,2}: { {307:3}{405:0} }
 355: Rx__4_234000__{0:0,0:0}{2,2}: { {306:3}{404:0} }
 354: Rx__4_234000__{0:0,0:0}{2,2}: { {305:3}{403:0} }
 353: Rx__4_234000__{0:0,0:0}{2,2}: { {304:3}{402:0} }
 352: Rx__4_234000__{0:0,0:0}{2,2}: { {303:3}{401:0} }
 351: Rx__4_234000__{0:0,0:0}{2,2}: { {302:3}{400:0} }
 350: Rx__4_234000__{0:0,0:0}{2,2}: { {301:3}{399:0} }
 349: Rx__4_234000__{0:0,0:0}{2,2}: { {300:3}{398:0} }
 348: Rx__4_234000__{0:0,0:0}{2,2}: { {299:3}{398:1} }
 347: CNOT{0:0,0:0,0:0,0:0}{2,2,2,2}: { {298:1}{346:2}{397:0}{396:0} }
 346: CNOT{0:0,0:0,0:0,0:0}{2,2,2,2}: { {297:1}{345:2}{347:1}{395:0} }
 345: CNOT{0:0,0:0,0:0,0:0}{2,2,2,2}: { {296:1}{344:2}{346:1}{394:0} }
 344: CNOT{0:0,0:0,0:0,0:0}{2,2,2,2}: { {295:1}{343:2}{345:1}{393:0} }
 343: CNOT{0:0,0:0,0:0,0:0}{2,2,2,2}: { {294:1}{342:2}{344:1}{392:0} }
 342: CNOT{0:0,0:0,0:0,0:0}{2,2,2,2}: { {293:1}{341:2}{343:1}{391:0} }
 341: CNOT{0:0,0:0,0:0,0:0}{2,2,2,2}: { {292:1}{340:2}{342:1}{390:0} }
 340: CNOT{0:0,0:0,0:0,0:0}{2,2,2,2}: { {291:1}{339:2}{341:1}{389:0} }
 339: CNOT{0:0,0:0,0:0,0:0}{2,2,2,2}: { {290:1}{338:2}{340:1}{388:0} }
 338: CNOT{0:0,0:0,0:0,0:0}{2,2,2,2}: { {289:1}{337:2}{339:1}{387:0} }
 337: CNOT{0:0,0:0,0:0,0:0}{2,2,2,2}: { {288:1}{336:2}{338:1}{386:0} }
 336: CNOT{0:0,0:0,0:0,0:0}{2,2,2,2}: { {287:1}{335:2}{337:1}{385:0} }
 335: CNOT{0:0,0:0,0:0,0:0}{2,2,2,2}: { {286:1}{334:2}{336:1}{384:0} }
 334: CNOT{0:0,0:0,0:0,0:0}{2,2,2,2}: { {285:1}{333:2}{335:1}{383:0} }
 333: CNOT{0:0,0:0,0:0,0:0}{2,2,2,2}: { {284:1}{332:2}{334:1}{382:0} }
 332: CNOT{0:0,0:0,0:0,0:0}{2,2,2,2}: { {283:1}{331:2}{333:1}{381:0} }
 331: CNOT{0:0,0:0,0:0,0:0}{2,2,2,2}: { {282:1}{330:2}{332:1}{380:0} }
 330: CNOT{0:0,0:0,0:0,0:0}{2,2,2,2}: { {281:1}{329:2}{331:1}{379:0} }
 329: CNOT{0:0,0:0,0:0,0:0}{2,2,2,2}: { {280:1}{328:2}{330:1}{378:0} }
 328: CNOT{0:0,0:0,0:0,0:0}{2,2,2,2}: { {279:1}{327:2}{329:1}{377:0} }
 327: CNOT{0:0,0:0,0:0,0:0}{2,2,2,2}: { {278:1}{326:2}{328:1}{376:0} }
 326: CNOT{0:0,0:0,0:0,0:0}{2,2,2,2}: { {277:1}{325:2}{327:1}{375:0} }
 325: CNOT{0:0,0:0,0:0,0:0}{2,2,2,2}: { {276:1}{324:2}{326:1}{374:0} }
 324: CNOT{0:0,0:0,0:0,0:0}{2,2,2,2}: { {275:1}{323:2}{325:1}{373:0} }
 323: CNOT{0:0,0:0,0:0,0:0}{2,2,2,2}: { {274:1}{322:2}{324:1}{372:0} }
 322: CNOT{0:0,0:0,0:0,0:0}{2,2,2,2}: { {273:1}{321:2}{323:1}{371:0} }
 321: CNOT{0:0,0:0,0:0,0:0}{2,2,2,2}: { {272:1}{320:2}{322:1}{370:0} }
 320: CNOT{0:0,0:0,0:0,0:0}{2,2,2,2}: { {271:1}{319:2}{321:1}{369:0} }
 319: CNOT{0:0,0:0,0:0,0:0}{2,2,2,2}: { {270:1}{318:2}{320:1}{368:0} }
 318: CNOT{0:0,0:0,0:0,0:0}{2,2,2,2}: { {269:1}{317:2}{319:1}{367:0} }
 317: CNOT{0:0,0:0,0:0,0:0}{2,2,2,2}: { {268:1}{316:2}{318:1}{366:0} }
 316: CNOT{0:0,0:0,0:0,0:0}{2,2,2,2}: { {267:1}{315:2}{317:1}{365:0} }
 315: CNOT{0:0,0:0,0:0,0:0}{2,2,2,2}: { {266:1}{314:2}{316:1}{364:0} }
 314: CNOT{0:0,0:0,0:0,0:0}{2,2,2,2}: { {265:1}{313:2}{315:1}{363:0} }
 313: CNOT{0:0,0:0,0:0,0:0}{2,2,2,2}: { {264:1}{312:2}{314:1}{362:0} }
 312: CNOT{0:0,0:0,0:0,0:0}{2,2,2,2}: { {263:1}{311:2}{313:1}{361:0} }
 311: CNOT{0:0,0:0,0:0,0:0}{2,2,2,2}: { {262:1}{310:2}{312:1}{360:0} }
 310: CNOT{0:0,0:0,0:0,0:0}{2,2,2,2}: { {261:1}{309:2}{311:1}{359:0} }
 309: CNOT{0:0,0:0,0:0,0:0}{2,2,2,2}: { {260:1}{308:2}{310:1}{358:0} }
 308: CNOT{0:0,0:0,0:0,0:0}{2,2,2,2}: { {259:1}{307:2}{309:1}{357:0} }
 307: CNOT{0:0,0:0,0:0,0:0}{2,2,2,2}: { {258:1}{306:2}{308:1}{356:0} }
 306: CNOT{0:0,0:0,0:0,0:0}{2,2,2,2}: { {257:1}{305:2}{307:1}{355:0} }
 305: CNOT{0:0,0:0,0:0,0:0}{2,2,2,2}: { {256:1}{304:2}{306:1}{354:0} }
 304: CNOT{0:0,0:0,0:0,0:0}{2,2,2,2}: { {255:1}{303:2}{305:1}{353:0} }
 303: CNOT{0:0,0:0,0:0,0:0}{2,2,2,2}: { {254:1}{302:2}{304:1}{352:0} }
 302: CNOT{0:0,0:0,0:0,0:0}{2,2,2,2}: { {253:1}{301:2}{303:1}{351:0} }
 301: CNOT{0:0,0:0,0:0,0:0}{2,2,2,2}: { {252:1}{300:2}{302:1}{350:0} }
 300: CNOT{0:0,0:0,0:0,0:0}{2,2,2,2}: { {251:1}{299:2}{301:1}{349:0} }
 299: CNOT{0:0,0:0,0:0,0:0}{2,2,2,2}: { {250:1}{249:1}{300:1}{348:0} }
 298: Rx__3_234000__{0:0,0:0}{2,2}: { {248:2}{347:0} }
 297: Rx__3_234000__{0:0,0:0}{2,2}: { {248:3}{346:0} }
 296: Rx__3_234000__{0:0,0:0}{2,2}: { {247:3}{345:0} }
 295: Rx__3_234000__{0:0,0:0}{2,2}: { {246:3}{344:0} }
 294: Rx__3_234000__{0:0,0:0}{2,2}: { {245:3}{343:0} }
 293: Rx__3_234000__{0:0,0:0}{2,2}: { {244:3}{342:0} }
 292: Rx__3_234000__{0:0,0:0}{2,2}: { {243:3}{341:0} }
 291: Rx__3_234000__{0:0,0:0}{2,2}: { {242:3}{340:0} }
 290: Rx__3_234000__{0:0,0:0}{2,2}: { {241:3}{339:0} }
 289: Rx__3_234000__{0:0,0:0}{2,2}: { {240:3}{338:0} }
 288: Rx__3_234000__{0:0,0:0}{2,2}: { {239:3}{337:0} }
 287: Rx__3_234000__{0:0,0:0}{2,2}: { {238:3}{336:0} }
 286: Rx__3_234000__{0:0,0:0}{2,2}: { {237:3}{335:0} }
 285: Rx__3_234000__{0:0,0:0}{2,2}: { {236:3}{334:0} }
 284: Rx__3_234000__{0:0,0:0}{2,2}: { {235:3}{333:0} }
 283: Rx__3_234000__{0:0,0:0}{2,2}: { {234:3}{332:0} }
 282: Rx__3_234000__{0:0,0:0}{2,2}: { {233:3}{331:0} }
 281: Rx__3_234000__{0:0,0:0}{2,2}: { {232:3}{330:0} }
 280: Rx__3_234000__{0:0,0:0}{2,2}: { {231:3}{329:0} }
 279: Rx__3_234000__{0:0,0:0}{2,2}: { {230:3}{328:0} }
 278: Rx__3_234000__{0:0,0:0}{2,2}: { {229:3}{327:0} }
 277: Rx__3_234000__{0:0,0:0}{2,2}: { {228:3}{326:0} }
 276: Rx__3_234000__{0:0,0:0}{2,2}: { {227:3}{325:0} }
 275: Rx__3_234000__{0:0,0:0}{2,2}: { {226:3}{324:0} }
 274: Rx__3_234000__{0:0,0:0}{2,2}: { {225:3}{323:0} }
 273: Rx__3_234000__{0:0,0:0}{2,2}: { {224:3}{322:0} }
 272: Rx__3_234000__{0:0,0:0}{2,2}: { {223:3}{321:0} }
 271: Rx__3_234000__{0:0,0:0}{2,2}: { {222:3}{320:0} }
 270: Rx__3_234000__{0:0,0:0}{2,2}: { {221:3}{319:0} }
 269: Rx__3_234000__{0:0,0:0}{2,2}: { {220:3}{318:0} }
 268: Rx__3_234000__{0:0,0:0}{2,2}: { {219:3}{317:0} }
 267: Rx__3_234000__{0:0,0:0}{2,2}: { {218:3}{316:0} }
 266: Rx__3_234000__{0:0,0:0}{2,2}: { {217:3}{315:0} }
 265: Rx__3_234000__{0:0,0:0}{2,2}: { {216:3}{314:0} }
 264: Rx__3_234000__{0:0,0:0}{2,2}: { {215:3}{313:0} }
 263: Rx__3_234000__{0:0,0:0}{2,2}: { {214:3}{312:0} }
 262: Rx__3_234000__{0:0,0:0}{2,2}: { {213:3}{311:0} }
 261: Rx__3_234000__{0:0,0:0}{2,2}: { {212:3}{310:0} }
 260: Rx__3_234000__{0:0,0:0}{2,2}: { {211:3}{309:0} }
 259: Rx__3_234000__{0:0,0:0}{2,2}: { {210:3}{308:0} }
 258: Rx__3_234000__{0:0,0:0}{2,2}: { {209:3}{307:0} }
 257: Rx__3_234000__{0:0,0:0}{2,2}: { {208:3}{306:0} }
 126: CNOT{0:0,0:0,0:0,0:0}{2,2,2,2}: { {77:1}{125:2}{127:1}{175:0} }
 125: CNOT{0:0,0:0,0:0,0:0}{2,2,2,2}: { {76:1}{124:2}{126:1}{174:0} }
 124: CNOT{0:0,0:0,0:0,0:0}{2,2,2,2}: { {75:1}{123:2}{125:1}{173:0} }
 123: CNOT{0:0,0:0,0:0,0:0}{2,2,2,2}: { {74:1}{122:2}{124:1}{172:0} }
 122: CNOT{0:0,0:0,0:0,0:0}{2,2,2,2}: { {73:1}{121:2}{123:1}{171:0} }
 121: CNOT{0:0,0:0,0:0,0:0}{2,2,2,2}: { {72:1}{120:2}{122:1}{170:0} }
 120: CNOT{0:0,0:0,0:0,0:0}{2,2,2,2}: { {71:1}{119:2}{121:1}{169:0} }
 119: CNOT{0:0,0:0,0:0,0:0}{2,2,2,2}: { {70:1}{118:2}{120:1}{168:0} }
 118: CNOT{0:0,0:0,0:0,0:0}{2,2,2,2}: { {69:1}{117:2}{119:1}{167:0} }
 117: CNOT{0:0,0:0,0:0,0:0}{2,2,2,2}: { {68:1}{116:2}{118:1}{166:0} }
 116: CNOT{0:0,0:0,0:0,0:0}{2,2,2,2}: { {67:1}{115:2}{117:1}{165:0} }
 115: CNOT{0:0,0:0,0:0,0:0}{2,2,2,2}: { {66:1}{114:2}{116:1}{164:0} }
 114: CNOT{0:0,0:0,0:0,0:0}{2,2,2,2}: { {65:1}{113:2}{115:1}{163:0} }
 113: CNOT{0:0,0:0,0:0,0:0}{2,2,2,2}: { {64:1}{112:2}{114:1}{162:0} }
 112: CNOT{0:0,0:0,0:0,0:0}{2,2,2,2}: { {63:1}{111:2}{113:1}{161:0} }
 111: CNOT{0:0,0:0,0:0,0:0}{2,2,2,2}: { {62:1}{110:2}{112:1}{160:0} }
 110: CNOT{0:0,0:0,0:0,0:0}{2,2,2,2}: { {61:1}{109:2}{111:1}{159:0} }
 109: CNOT{0:0,0:0,0:0,0:0}{2,2,2,2}: { {60:1}{108:2}{110:1}{158:0} }
 108: CNOT{0:0,0:0,0:0,0:0}{2,2,2,2}: { {59:1}{107:2}{109:1}{157:0} }
 107: CNOT{0:0,0:0,0:0,0:0}{2,2,2,2}: { {58:1}{106:2}{108:1}{156:0} }
 106: CNOT{0:0,0:0,0:0,0:0}{2,2,2,2}: { {57:1}{105:2}{107:1}{155:0} }
 105: CNOT{0:0,0:0,0:0,0:0}{2,2,2,2}: { {56:1}{104:2}{106:1}{154:0} }
 104: CNOT{0:0,0:0,0:0,0:0}{2,2,2,2}: { {55:1}{103:2}{105:1}{153:0} }
 103: CNOT{0:0,0:0,0:0,0:0}{2,2,2,2}: { {54:1}{102:2}{104:1}{152:0} }
 102: CNOT{0:0,0:0,0:0,0:0}{2,2,2,2}: { {53:1}{101:2}{103:1}{151:0} }
 101: CNOT{0:0,0:0,0:0,0:0}{2,2,2,2}: { {52:1}{51:1}{102:1}{150:0} }
 100: Rx__1_234000__{0:0,0:0}{2,2}: { {50:0}{149:0} }
 99: Rx__1_234000__{0:0,0:0}{2,2}: { {49:0}{148:0} }
 98: Rx__1_234000__{0:0,0:0}{2,2}: { {48:0}{147:0} }
 97: Rx__1_234000__{0:0,0:0}{2,2}: { {47:0}{146:0} }
 96: Rx__1_234000__{0:0,0:0}{2,2}: { {46:0}{145:0} }
 95: Rx__1_234000__{0:0,0:0}{2,2}: { {45:0}{144:0} }
 94: Rx__1_234000__{0:0,0:0}{2,2}: { {44:0}{143:0} }
 93: Rx__1_234000__{0:0,0:0}{2,2}: { {43:0}{142:0} }
 92: Rx__1_234000__{0:0,0:0}{2,2}: { {42:0}{141:0} }
 91: Rx__1_234000__{0:0,0:0}{2,2}: { {41:0}{140:0} }
 90: Rx__1_234000__{0:0,0:0}{2,2}: { {40:0}{139:0} }
 89: Rx__1_234000__{0:0,0:0}{2,2}: { {39:0}{138:0} }
 88: Rx__1_234000__{0:0,0:0}{2,2}: { {38:0}{137:0} }
 87: Rx__1_234000__{0:0,0:0}{2,2}: { {37:0}{136:0} }
 86: Rx__1_234000__{0:0,0:0}{2,2}: { {36:0}{135:0} }
 85: Rx__1_234000__{0:0,0:0}{2,2}: { {35:0}{134:0} }
 84: Rx__1_234000__{0:0,0:0}{2,2}: { {34:0}{133:0} }
 83: Rx__1_234000__{0:0,0:0}{2,2}: { {33:0}{132:0} }
 82: Rx__1_234000__{0:0,0:0}{2,2}: { {32:0}{131:0} }
 81: Rx__1_234000__{0:0,0:0}{2,2}: { {31:0}{130:0} }
 80: Rx__1_234000__{0:0,0:0}{2,2}: { {30:0}{129:0} }
 79: Rx__1_234000__{0:0,0:0}{2,2}: { {29:0}{128:0} }
 78: Rx__1_234000__{0:0,0:0}{2,2}: { {28:0}{127:0} }
 77: Rx__1_234000__{0:0,0:0}{2,2}: { {27:0}{126:0} }
 76: Rx__1_234000__{0:0,0:0}{2,2}: { {26:0}{125:0} }
 75: Rx__1_234000__{0:0,0:0}{2,2}: { {25:0}{124:0} }
 74: Rx__1_234000__{0:0,0:0}{2,2}: { {24:0}{123:0} }
 73: Rx__1_234000__{0:0,0:0}{2,2}: { {23:0}{122:0} }
 72: Rx__1_234000__{0:0,0:0}{2,2}: { {22:0}{121:0} }
 71: Rx__1_234000__{0:0,0:0}{2,2}: { {21:0}{120:0} }
 70: Rx__1_234000__{0:0,0:0}{2,2}: { {20:0}{119:0} }
 69: Rx__1_234000__{0:0,0:0}{2,2}: { {19:0}{118:0} }
 68: Rx__1_234000__{0:0,0:0}{2,2}: { {18:0}{117:0} }
 67: Rx__1_234000__{0:0,0:0}{2,2}: { {17:0}{116:0} }
 66: Rx__1_234000__{0:0,0:0}{2,2}: { {16:0}{115:0} }
 65: Rx__1_234000__{0:0,0:0}{2,2}: { {15:0}{114:0} }
 64: Rx__1_234000__{0:0,0:0}{2,2}: { {14:0}{113:0} }
 63: Rx__1_234000__{0:0,0:0}{2,2}: { {13:0}{112:0} }
 62: Rx__1_234000__{0:0,0:0}{2,2}: { {12:0}{111:0} }
 61: Rx__1_234000__{0:0,0:0}{2,2}: { {11:0}{110:0} }
 60: Rx__1_234000__{0:0,0:0}{2,2}: { {10:0}{109:0} }
 59: Rx__1_234000__{0:0,0:0}{2,2}: { {9:0}{108:0} }
 28: Q27{0:0}{2}: { {78:0} }
 27: Q26{0:0}{2}: { {77:0} }
 26: Q25{0:0}{2}: { {76:0} }
 25: Q24{0:0}{2}: { {75:0} }
 24: Q23{0:0}{2}: { {74:0} }
 23: Q22{0:0}{2}: { {73:0} }
 22: Q21{0:0}{2}: { {72:0} }
 21: Q20{0:0}{2}: { {71:0} }
 20: Q19{0:0}{2}: { {70:0} }
 19: Q18{0:0}{2}: { {69:0} }
 18: Q17{0:0}{2}: { {68:0} }
 17: Q16{0:0}{2}: { {67:0} }
 16: Q15{0:0}{2}: { {66:0} }
 15: Q14{0:0}{2}: { {65:0} }
 14: Q13{0:0}{2}: { {64:0} }
 13: Q12{0:0}{2}: { {63:0} }
 0: _z0C8F87{}{}: {  }
 1: Q0{0:0}{2}: { {51:0} }
 2: Q1{0:0}{2}: { {52:0} }
 3: Q2{0:0}{2}: { {53:0} }
 4: Q3{0:0}{2}: { {54:0} }
 5: Q4{0:0}{2}: { {55:0} }
 6: Q5{0:0}{2}: { {56:0} }
 7: Q6{0:0}{2}: { {57:0} }
 8: Q7{0:0}{2}: { {58:0} }
 9: Q8{0:0}{2}: { {59:0} }
 10: Q9{0:0}{2}: { {60:0} }
 11: Q10{0:0}{2}: { {61:0} }
 12: Q11{0:0}{2}: { {62:0} }
 29: Q28{0:0}{2}: { {79:0} }
 30: Q29{0:0}{2}: { {80:0} }
 31: Q30{0:0}{2}: { {81:0} }
 32: Q31{0:0}{2}: { {82:0} }
 33: Q32{0:0}{2}: { {83:0} }
 34: Q33{0:0}{2}: { {84:0} }
 35: Q34{0:0}{2}: { {85:0} }
 36: Q35{0:0}{2}: { {86:0} }
 37: Q36{0:0}{2}: { {87:0} }
 38: Q37{0:0}{2}: { {88:0} }
 39: Q38{0:0}{2}: { {89:0} }
 40: Q39{0:0}{2}: { {90:0} }
 41: Q40{0:0}{2}: { {91:0} }
 42: Q41{0:0}{2}: { {92:0} }
 43: Q42{0:0}{2}: { {93:0} }
 44: Q43{0:0}{2}: { {94:0} }
 45: Q44{0:0}{2}: { {95:0} }
 46: Q45{0:0}{2}: { {96:0} }
 47: Q46{0:0}{2}: { {97:0} }
 48: Q47{0:0}{2}: { {98:0} }
 49: Q48{0:0}{2}: { {99:0} }
 50: Q49{0:0}{2}: { {100:0} }
 51: Rx__1_234000__{0:0,0:0}{2,2}: { {1:0}{101:1} }
 52: Rx__1_234000__{0:0,0:0}{2,2}: { {2:0}{101:0} }
 53: Rx__1_234000__{0:0,0:0}{2,2}: { {3:0}{102:0} }
 54: Rx__1_234000__{0:0,0:0}{2,2}: { {4:0}{103:0} }
 55: Rx__1_234000__{0:0,0:0}{2,2}: { {5:0}{104:0} }
 56: Rx__1_234000__{0:0,0:0}{2,2}: { {6:0}{105:0} }
 57: Rx__1_234000__{0:0,0:0}{2,2}: { {7:0}{106:0} }
 58: Rx__1_234000__{0:0,0:0}{2,2}: { {8:0}{107:0} }
 127: CNOT{0:0,0:0,0:0,0:0}{2,2,2,2}: { {78:1}{126:2}{128:1}{176:0} }
 128: CNOT{0:0,0:0,0:0,0:0}{2,2,2,2}: { {79:1}{127:2}{129:1}{177:0} }
 129: CNOT{0:0,0:0,0:0,0:0}{2,2,2,2}: { {80:1}{128:2}{130:1}{178:0} }
 130: CNOT{0:0,0:0,0:0,0:0}{2,2,2,2}: { {81:1}{129:2}{131:1}{179:0} }
 131: CNOT{0:0,0:0,0:0,0:0}{2,2,2,2}: { {82:1}{130:2}{132:1}{180:0} }
 132: CNOT{0:0,0:0,0:0,0:0}{2,2,2,2}: { {83:1}{131:2}{133:1}{181:0} }
 133: CNOT{0:0,0:0,0:0,0:0}{2,2,2,2}: { {84:1}{132:2}{134:1}{182:0} }
 134: CNOT{0:0,0:0,0:0,0:0}{2,2,2,2}: { {85:1}{133:2}{135:1}{183:0} }
 135: CNOT{0:0,0:0,0:0,0:0}{2,2,2,2}: { {86:1}{134:2}{136:1}{184:0} }
 136: CNOT{0:0,0:0,0:0,0:0}{2,2,2,2}: { {87:1}{135:2}{137:1}{185:0} }
 137: CNOT{0:0,0:0,0:0,0:0}{2,2,2,2}: { {88:1}{136:2}{138:1}{186:0} }
 138: CNOT{0:0,0:0,0:0,0:0}{2,2,2,2}: { {89:1}{137:2}{139:1}{187:0} }
 139: CNOT{0:0,0:0,0:0,0:0}{2,2,2,2}: { {90:1}{138:2}{140:1}{188:0} }
 140: CNOT{0:0,0:0,0:0,0:0}{2,2,2,2}: { {91:1}{139:2}{141:1}{189:0} }
 141: CNOT{0:0,0:0,0:0,0:0}{2,2,2,2}: { {92:1}{140:2}{142:1}{190:0} }
 142: CNOT{0:0,0:0,0:0,0:0}{2,2,2,2}: { {93:1}{141:2}{143:1}{191:0} }
 143: CNOT{0:0,0:0,0:0,0:0}{2,2,2,2}: { {94:1}{142:2}{144:1}{192:0} }
 144: CNOT{0:0,0:0,0:0,0:0}{2,2,2,2}: { {95:1}{143:2}{145:1}{193:0} }
 145: CNOT{0:0,0:0,0:0,0:0}{2,2,2,2}: { {96:1}{144:2}{146:1}{194:0} }
 146: CNOT{0:0,0:0,0:0,0:0}{2,2,2,2}: { {97:1}{145:2}{147:1}{195:0} }
 147: CNOT{0:0,0:0,0:0,0:0}{2,2,2,2}: { {98:1}{146:2}{148:1}{196:0} }
 148: CNOT{0:0,0:0,0:0,0:0}{2,2,2,2}: { {99:1}{147:2}{149:1}{197:0} }
 149: CNOT{0:0,0:0,0:0,0:0}{2,2,2,2}: { {100:1}{148:2}{199:0}{198:0} }
 150: Rx__2_234000__{0:0,0:0}{2,2}: { {101:3}{200:1} }
 151: Rx__2_234000__{0:0,0:0}{2,2}: { {102:3}{200:0} }
 152: Rx__2_234000__{0:0,0:0}{2,2}: { {103:3}{201:0} }
 153: Rx__2_234000__{0:0,0:0}{2,2}: { {104:3}{202:0} }
 154: Rx__2_234000__{0:0,0:0}{2,2}: { {105:3}{203:0} }
 155: Rx__2_234000__{0:0,0:0}{2,2}: { {106:3}{204:0} }
 156: Rx__2_234000__{0:0,0:0}{2,2}: { {107:3}{205:0} }
 157: Rx__2_234000__{0:0,0:0}{2,2}: { {108:3}{206:0} }
 158: Rx__2_234000__{0:0,0:0}{2,2}: { {109:3}{207:0} }
 159: Rx__2_234000__{0:0,0:0}{2,2}: { {110:3}{208:0} }
 160: Rx__2_234000__{0:0,0:0}{2,2}: { {111:3}{209:0} }
 161: Rx__2_234000__{0:0,0:0}{2,2}: { {112:3}{210:0} }
 162: Rx__2_234000__{0:0,0:0}{2,2}: { {113:3}{211:0} }
 163: Rx__2_234000__{0:0,0:0}{2,2}: { {114:3}{212:0} }
 164: Rx__2_234000__{0:0,0:0}{2,2}: { {115:3}{213:0} }
 165: Rx__2_234000__{0:0,0:0}{2,2}: { {116:3}{214:0} }
 166: Rx__2_234000__{0:0,0:0}{2,2}: { {117:3}{215:0} }
 167: Rx__2_234000__{0:0,0:0}{2,2}: { {118:3}{216:0} }
 168: Rx__2_234000__{0:0,0:0}{2,2}: { {119:3}{217:0} }
 169: Rx__2_234000__{0:0,0:0}{2,2}: { {120:3}{218:0} }
 170: Rx__2_234000__{0:0,0:0}{2,2}: { {121:3}{219:0} }
 171: Rx__2_234000__{0:0,0:0}{2,2}: { {122:3}{220:0} }
 172: Rx__2_234000__{0:0,0:0}{2,2}: { {123:3}{221:0} }
 173: Rx__2_234000__{0:0,0:0}{2,2}: { {124:3}{222:0} }
 174: Rx__2_234000__{0:0,0:0}{2,2}: { {125:3}{223:0} }
 175: Rx__2_234000__{0:0,0:0}{2,2}: { {126:3}{224:0} }
 176: Rx__2_234000__{0:0,0:0}{2,2}: { {127:3}{225:0} }
 177: Rx__2_234000__{0:0,0:0}{2,2}: { {128:3}{226:0} }
 178: Rx__2_234000__{0:0,0:0}{2,2}: { {129:3}{227:0} }
 179: Rx__2_234000__{0:0,0:0}{2,2}: { {130:3}{228:0} }
 180: Rx__2_234000__{0:0,0:0}{2,2}: { {131:3}{229:0} }
 181: Rx__2_234000__{0:0,0:0}{2,2}: { {132:3}{230:0} }
 182: Rx__2_234000__{0:0,0:0}{2,2}: { {133:3}{231:0} }
 183: Rx__2_234000__{0:0,0:0}{2,2}: { {134:3}{232:0} }
 184: Rx__2_234000__{0:0,0:0}{2,2}: { {135:3}{233:0} }
 185: Rx__2_234000__{0:0,0:0}{2,2}: { {136:3}{234:0} }
 186: Rx__2_234000__{0:0,0:0}{2,2}: { {137:3}{235:0} }
 187: Rx__2_234000__{0:0,0:0}{2,2}: { {138:3}{236:0} }
 188: Rx__2_234000__{0:0,0:0}{2,2}: { {139:3}{237:0} }
 189: Rx__2_234000__{0:0,0:0}{2,2}: { {140:3}{238:0} }
 190: Rx__2_234000__{0:0,0:0}{2,2}: { {141:3}{239:0} }
 191: Rx__2_234000__{0:0,0:0}{2,2}: { {142:3}{240:0} }
 192: Rx__2_234000__{0:0,0:0}{2,2}: { {143:3}{241:0} }
 193: Rx__2_234000__{0:0,0:0}{2,2}: { {144:3}{242:0} }
 194: Rx__2_234000__{0:0,0:0}{2,2}: { {145:3}{243:0} }
 195: Rx__2_234000__{0:0,0:0}{2,2}: { {146:3}{244:0} }
 196: Rx__2_234000__{0:0,0:0}{2,2}: { {147:3}{245:0} }
 197: Rx__2_234000__{0:0,0:0}{2,2}: { {148:3}{246:0} }
 198: Rx__2_234000__{0:0,0:0}{2,2}: { {149:3}{247:0} }
 199: Rx__2_234000__{0:0,0:0}{2,2}: { {149:2}{248:0} }
 200: CNOT{0:0,0:0,0:0,0:0}{2,2,2,2}: { {151:1}{150:1}{201:1}{249:0} }
 201: CNOT{0:0,0:0,0:0,0:0}{2,2,2,2}: { {152:1}{200:2}{202:1}{250:0} }
 202: CNOT{0:0,0:0,0:0,0:0}{2,2,2,2}: { {153:1}{201:2}{203:1}{251:0} }
 203: CNOT{0:0,0:0,0:0,0:0}{2,2,2,2}: { {154:1}{202:2}{204:1}{252:0} }
 204: CNOT{0:0,0:0,0:0,0:0}{2,2,2,2}: { {155:1}{203:2}{205:1}{253:0} }
 205: CNOT{0:0,0:0,0:0,0:0}{2,2,2,2}: { {156:1}{204:2}{206:1}{254:0} }
 206: CNOT{0:0,0:0,0:0,0:0}{2,2,2,2}: { {157:1}{205:2}{207:1}{255:0} }
 207: CNOT{0:0,0:0,0:0,0:0}{2,2,2,2}: { {158:1}{206:2}{208:1}{256:0} }
 208: CNOT{0:0,0:0,0:0,0:0}{2,2,2,2}: { {159:1}{207:2}{209:1}{257:0} }
 209: CNOT{0:0,0:0,0:0,0:0}{2,2,2,2}: { {160:1}{208:2}{210:1}{258:0} }
 210: CNOT{0:0,0:0,0:0,0:0}{2,2,2,2}: { {161:1}{209:2}{211:1}{259:0} }
 211: CNOT{0:0,0:0,0:0,0:0}{2,2,2,2}: { {162:1}{210:2}{212:1}{260:0} }
 212: CNOT{0:0,0:0,0:0,0:0}{2,2,2,2}: { {163:1}{211:2}{213:1}{261:0} }
 213: CNOT{0:0,0:0,0:0,0:0}{2,2,2,2}: { {164:1}{212:2}{214:1}{262:0} }
 214: CNOT{0:0,0:0,0:0,0:0}{2,2,2,2}: { {165:1}{213:2}{215:1}{263:0} }
 215: CNOT{0:0,0:0,0:0,0:0}{2,2,2,2}: { {166:1}{214:2}{216:1}{264:0} }
 216: CNOT{0:0,0:0,0:0,0:0}{2,2,2,2}: { {167:1}{215:2}{217:1}{265:0} }
 217: CNOT{0:0,0:0,0:0,0:0}{2,2,2,2}: { {168:1}{216:2}{218:1}{266:0} }
 218: CNOT{0:0,0:0,0:0,0:0}{2,2,2,2}: { {169:1}{217:2}{219:1}{267:0} }
 219: CNOT{0:0,0:0,0:0,0:0}{2,2,2,2}: { {170:1}{218:2}{220:1}{268:0} }
 220: CNOT{0:0,0:0,0:0,0:0}{2,2,2,2}: { {171:1}{219:2}{221:1}{269:0} }
 221: CNOT{0:0,0:0,0:0,0:0}{2,2,2,2}: { {172:1}{220:2}{222:1}{270:0} }
 222: CNOT{0:0,0:0,0:0,0:0}{2,2,2,2}: { {173:1}{221:2}{223:1}{271:0} }
 223: CNOT{0:0,0:0,0:0,0:0}{2,2,2,2}: { {174:1}{222:2}{224:1}{272:0} }
 224: CNOT{0:0,0:0,0:0,0:0}{2,2,2,2}: { {175:1}{223:2}{225:1}{273:0} }
 225: CNOT{0:0,0:0,0:0,0:0}{2,2,2,2}: { {176:1}{224:2}{226:1}{274:0} }
 226: CNOT{0:0,0:0,0:0,0:0}{2,2,2,2}: { {177:1}{225:2}{227:1}{275:0} }
 227: CNOT{0:0,0:0,0:0,0:0}{2,2,2,2}: { {178:1}{226:2}{228:1}{276:0} }
 228: CNOT{0:0,0:0,0:0,0:0}{2,2,2,2}: { {179:1}{227:2}{229:1}{277:0} }
 229: CNOT{0:0,0:0,0:0,0:0}{2,2,2,2}: { {180:1}{228:2}{230:1}{278:0} }
 230: CNOT{0:0,0:0,0:0,0:0}{2,2,2,2}: { {181:1}{229:2}{231:1}{279:0} }
 231: CNOT{0:0,0:0,0:0,0:0}{2,2,2,2}: { {182:1}{230:2}{232:1}{280:0} }
 232: CNOT{0:0,0:0,0:0,0:0}{2,2,2,2}: { {183:1}{231:2}{233:1}{281:0} }
 233: CNOT{0:0,0:0,0:0,0:0}{2,2,2,2}: { {184:1}{232:2}{234:1}{282:0} }
 234: CNOT{0:0,0:0,0:0,0:0}{2,2,2,2}: { {185:1}{233:2}{235:1}{283:0} }
 235: CNOT{0:0,0:0,0:0,0:0}{2,2,2,2}: { {186:1}{234:2}{236:1}{284:0} }
 236: CNOT{0:0,0:0,0:0,0:0}{2,2,2,2}: { {187:1}{235:2}{237:1}{285:0} }
 237: CNOT{0:0,0:0,0:0,0:0}{2,2,2,2}: { {188:1}{236:2}{238:1}{286:0} }
 238: CNOT{0:0,0:0,0:0,0:0}{2,2,2,2}: { {189:1}{237:2}{239:1}{287:0} }
 239: CNOT{0:0,0:0,0:0,0:0}{2,2,2,2}: { {190:1}{238:2}{240:1}{288:0} }
 240: CNOT{0:0,0:0,0:0,0:0}{2,2,2,2}: { {191:1}{239:2}{241:1}{289:0} }
 241: CNOT{0:0,0:0,0:0,0:0}{2,2,2,2}: { {192:1}{240:2}{242:1}{290:0} }
 242: CNOT{0:0,0:0,0:0,0:0}{2,2,2,2}: { {193:1}{241:2}{243:1}{291:0} }
 243: CNOT{0:0,0:0,0:0,0:0}{2,2,2,2}: { {194:1}{242:2}{244:1}{292:0} }
 244: CNOT{0:0,0:0,0:0,0:0}{2,2,2,2}: { {195:1}{243:2}{245:1}{293:0} }
 245: CNOT{0:0,0:0,0:0,0:0}{2,2,2,2}: { {196:1}{244:2}{246:1}{294:0} }
 246: CNOT{0:0,0:0,0:0,0:0}{2,2,2,2}: { {197:1}{245:2}{247:1}{295:0} }
 247: CNOT{0:0,0:0,0:0,0:0}{2,2,2,2}: { {198:1}{246:2}{248:1}{296:0} }
 248: CNOT{0:0,0:0,0:0,0:0}{2,2,2,2}: { {199:1}{247:2}{298:0}{297:0} }
 249: Rx__3_234000__{0:0,0:0}{2,2}: { {200:3}{299:1} }
 250: Rx__3_234000__{0:0,0:0}{2,2}: { {201:3}{299:0} }
 251: Rx__3_234000__{0:0,0:0}{2,2}: { {202:3}{300:0} }
 252: Rx__3_234000__{0:0,0:0}{2,2}: { {203:3}{301:0} }
 253: Rx__3_234000__{0:0,0:0}{2,2}: { {204:3}{302:0} }
 254: Rx__3_234000__{0:0,0:0}{2,2}: { {205:3}{303:0} }
 255: Rx__3_234000__{0:0,0:0}{2,2}: { {206:3}{304:0} }
 256: Rx__3_234000__{0:0,0:0}{2,2}: { {207:3}{305:0} }
}
[51.205995]: Found a contraction sequence candidate locally (caching = 1)
[51.206065]: Found the optimal contraction sequence across all processes
TensorNetwork empty: Contraction sequence:
{990:110,61}{894:990,11}{989:109,60}{893:989,10}{892:158,207}{891:159,208}{988:108,59}{748:988,9}{747:157,206}{987:353,304}
{746:987,255}{890:451,402}{986:452,403}{889:986,354}{985:453,404}{888:985,355}{887:306,257}{743:305,256}{984:113,64}{886:984,14}
{983:112,63}{885:983,13}{884:161,210}{883:162,211}{982:111,62}{740:982,12}{739:160,209}{981:356,307}{738:981,258}{882:454,405}
{980:455,406}{881:980,357}{979:456,407}{880:979,358}{879:309,260}{735:308,259}{978:106,7}{878:978,57}{977:107,8}{877:977,58}
{876:155,204}{875:156,205}{976:105,6}{732:976,56}{731:154,203}{874:302,253}{873:301,252}{729:303,254}{975:450,401}{728:975,352}
{974:449,400}{872:974,351}{973:448,399}{871:973,350}{870:300,299}{898:447,349}{897:398,348}{868:201,250}{867:202,251}{866:103,152}
{865:4,54}{864:104,153}{863:5,55}{862:102,151}{861:3,53}{721:200,249}{860:1,51}{859:2,52}{719:101,150}{972:116,67}
{858:972,17}{971:115,66}{857:971,16}{856:164,213}{855:165,214}{970:114,65}{716:970,15}{715:163,212}{969:458,409}{854:969,360}
{968:457,408}{853:968,359}{967:459,410}{713:967,361}{852:311,262}{851:310,261}{711:312,263}{966:119,70}{850:966,20}{965:118,69}
{849:965,19}{848:167,216}{847:168,217}{964:117,68}{708:964,18}{707:166,215}{963:460,411}{846:963,362}{962:461,412}{845:962,363}
{961:462,413}{705:961,364}{844:314,265}{843:313,264}{703:315,266}{960:123,74}{842:960,24}{959:122,73}{841:959,23}{840:171,220}
{839:172,221}{958:121,72}{838:958,22}{957:120,71}{837:957,21}{836:169,218}{835:170,219}{956:463,414}{834:956,365}{955:464,415}
{833:955,366}{832:317,268}{831:316,267}{954:465,416}{830:954,367}{953:466,417}{829:953,368}{828:319,270}{827:318,269}{952:126,77}
{826:952,27}{951:125,76}{825:951,26}{824:174,223}{823:175,224}{950:124,75}{692:950,25}{691:173,222}{949:467,418}{822:949,369}
{948:468,419}{821:948,370}{947:469,420}{689:947,371}{820:321,272}{819:320,271}{687:322,273}{818:194,243}{817:195,244}{946:96,46}
{816:946,145}{945:97,47}{815:945,146}{684:196,245}{944:98,48}{683:944,147}{943:390,341}{682:943,292}{814:488,439}{942:489,440}
{813:942,391}{941:490,441}{812:941,392}{811:343,294}{679:342,293}{810:395,346}{809:493,444}{896:494,445}{940:495,496}{895:940,446}
{939:397,396}{807:939,347}{938:394,345}{676:938,344}{937:491,442}{806:937,393}{805:492,443}{804:148,197}{803:99,49}{673:295,246}
{802:296,247}{936:298,297}{801:936,248}{800:198,199}{935:100,50}{799:935,149}{798:191,240}{797:192,241}{934:93,43}{796:934,142}
{933:94,44}{795:933,143}{668:193,242}{932:95,45}{667:932,144}{931:387,338}{666:931,289}{794:485,436}{930:486,437}{793:930,388}
{929:487,438}{792:929,389}{791:340,291}{663:339,290}{790:188,237}{789:189,238}{928:90,40}{788:928,139}{927:91,41}{787:927,140}
{660:190,239}{926:92,42}{659:926,141}{925:384,335}{658:925,286}{786:482,433}{924:483,434}{785:924,385}{923:484,435}{784:923,386}
{783:337,288}{655:336,287}{782:176,225}{781:177,226}{922:78,28}{780:922,127}{921:79,29}{779:921,128}{652:178,227}{920:80,30}
{651:920,129}{919:470,421}{778:919,372}{918:471,422}{777:918,373}{917:472,423}{649:917,374}{776:324,275}{775:323,274}{647:325,276}
{916:375,326}{646:916,277}{915:474,425}{774:915,376}{773:473,424}{914:475,426}{772:914,377}{771:328,279}{643:327,278}{770:179,228}
{769:180,229}{913:81,31}{768:913,130}{912:82,32}{767:912,131}{640:181,230}{911:83,33}{639:911,132}{766:185,234}{765:186,235}
{910:87,37}{764:910,136}{909:88,38}{763:909,137}{636:187,236}{908:89,39}{635:908,138}{907:381,332}{634:907,283}{762:479,430}
{906:480,431}{761:906,382}{905:481,432}{760:905,383}{759:334,285}{631:333,284}{758:182,231}{757:183,232}{904:84,34}{756:904,133}
{903:85,35}{755:903,134}{628:184,233}{902:86,36}{627:902,135}{901:378,329}{626:901,280}{754:476,427}{900:477,428}{753:900,379}
{899:478,429}{752:899,380}{751:331,282}{623:330,281}{869:897,898}{808:895,896}{750:893,894}{749:891,892}{745:889,890}{744:887,888}
{742:885,886}{741:883,884}{737:881,882}{736:879,880}{734:877,878}{733:875,876}{730:873,874}{727:871,872}{726:869,870}{725:867,868}
{724:865,866}{723:863,864}{722:861,862}{720:859,860}{718:857,858}{717:855,856}{714:853,854}{712:851,852}{710:849,850}{709:847,848}
{706:845,846}{704:843,844}{702:841,842}{701:839,840}{700:837,838}{699:835,836}{698:833,834}{697:831,832}{696:829,830}{695:827,828}
{694:825,826}{693:823,824}{690:821,822}{688:819,820}{686:817,818}{685:815,816}{681:813,814}{680:811,812}{678:809,810}{677:807,808}
{675:805,806}{674:803,804}{672:801,802}{671:799,800}{670:797,798}{669:795,796}{665:793,794}{664:791,792}{662:789,790}{661:787,788}
{657:785,786}{656:783,784}{654:781,782}{653:779,780}{650:777,778}{648:775,776}{645:773,774}{644:771,772}{642:769,770}{641:767,768}
{638:765,766}{637:763,764}{633:761,762}{632:759,760}{630:757,758}{629:755,756}{625:753,754}{624:751,752}{622:749,750}{621:747,748}
{620:745,746}{619:743,744}{618:741,742}{617:739,740}{616:737,738}{615:735,736}{614:733,734}{613:731,732}{612:729,730}{611:727,728}
{610:725,726}{609:723,724}{608:721,722}{607:719,720}{606:717,718}{605:715,716}{604:713,714}{603:711,712}{602:709,710}{601:707,708}
{600:705,706}{599:703,704}{598:701,702}{597:699,700}{596:697,698}{595:695,696}{594:693,694}{593:691,692}{592:689,690}{591:687,688}
{590:685,686}{589:683,684}{588:681,682}{587:679,680}{586:677,678}{585:675,676}{584:673,674}{583:671,672}{582:669,670}{581:667,668}
{580:665,666}{579:663,664}{578:661,662}{577:659,660}{576:657,658}{575:655,656}{574:653,654}{573:651,652}{572:649,650}{571:647,648}
{570:645,646}{569:643,644}{568:641,642}{567:639,640}{566:637,638}{565:635,636}{564:633,634}{563:631,632}{562:629,630}{561:627,628}
{560:625,626}{559:623,624}{558:621,622}{557:619,620}{556:617,618}{555:615,616}{554:613,614}{553:611,612}{552:609,610}{551:607,608}
{550:605,606}{549:603,604}{548:601,602}{547:599,600}{546:597,598}{545:595,596}{544:593,594}{543:591,592}{542:589,590}{541:587,588}
{540:585,586}{539:583,584}{538:581,582}{537:579,580}{536:577,578}{535:575,576}{534:573,574}{533:571,572}{532:569,570}{531:567,568}
{530:565,566}{529:563,564}{528:561,562}{527:559,560}{526:557,558}{525:555,556}{524:553,554}{523:551,552}{522:549,550}{521:547,548}
{520:545,546}{519:543,544}{518:541,542}{517:539,540}{516:537,538}{515:535,536}{514:533,534}{513:531,532}{512:529,530}{511:527,528}
{510:525,526}{509:523,524}{508:521,522}{507:519,520}{506:517,518}{505:515,516}{504:513,514}{503:511,512}{502:509,510}{501:507,508}
{500:505,506}{499:503,504}{498:501,502}{497:499,500}{0:497,498}
[51.210851]: Contraction info: FMA flop count = 1.124960e+05; Max intermediate presence volume = 4.964000e+03; Max intermediate rank = 8 with volume 2.560000e+02 -> 2.560000e+02 (after slicing)
#INFO(TensorNetwork::printSplitIndexInfo):
#END INFO
Number of split indices = 0
Number of submitted sub-networks = 1
[51.293837]: Locally synchronized all operations on tensor <_z0C8F87>
[51.293856]: Globally synchronized all operations on tensor <_z0C8F87>
[51.293895]: Locally synchronized all operations
[51.293899]: Globally synchronized all operations
[51.353836]: Locally synchronized all operations
[51.353843]: Globally synchronized all operations
